Tue 31 Jan 2023 02:36:08 INFO  
General Hyper Parameters:
gpu_id = 0
use_gpu = True
seed = 2020
state = INFO
reproducibility = True
data_path = dataset/train_data
checkpoint_dir = saved
show_progress = False
save_dataset = False
dataset_save_path = None
save_dataloaders = False
dataloaders_save_path = None
log_wandb = False

Training Hyper Parameters:
epochs = 100
train_batch_size = 2048
learner = adam
learning_rate = 0.001
neg_sampling = None
eval_step = 1
stopping_step = 10
clip_grad_norm = None
weight_decay = 0.0
loss_decimal_place = 4

Evaluation Hyper Parameters:
eval_args = {'split': {'LS': 'valid_and_test'}, 'order': 'TO', 'mode': 'full', 'group_by': 'user'}
repeatable = True
metrics = ['Recall', 'MRR', 'NDCG', 'Hit', 'Precision']
topk = [10]
valid_metric = Recall@10
valid_metric_bigger = True
eval_batch_size = 4096
metric_decimal_place = 4

Dataset Hyper Parameters:
field_separator = 	
seq_separator =  
USER_ID_FIELD = user_id
ITEM_ID_FIELD = item_id
RATING_FIELD = rating
TIME_FIELD = timestamp
seq_len = None
LABEL_FIELD = label
threshold = None
NEG_PREFIX = neg_
load_col = {'inter': ['user_id', 'item_id', 'rating', 'timestamp']}
unload_col = None
unused_col = None
additional_feat_suffix = None
rm_dup_inter = None
val_interval = {'rating': '[0,1]', 'timestamp': '[1672892980000, inf)'}
filter_inter_by_user_or_item = True
user_inter_num_interval = [0,inf)
item_inter_num_interval = [0,inf)
alias_of_user_id = None
alias_of_item_id = None
alias_of_entity_id = None
alias_of_relation_id = None
preload_weight = None
normalize_field = None
normalize_all = None
ITEM_LIST_LENGTH_FIELD = item_length
LIST_SUFFIX = _list
MAX_ITEM_LIST_LENGTH = 50
POSITION_FIELD = position_id
HEAD_ENTITY_ID_FIELD = head_id
TAIL_ENTITY_ID_FIELD = tail_id
RELATION_ID_FIELD = relation_id
ENTITY_ID_FIELD = entity_id
benchmark_filename = None

Other Hyper Parameters: 
wandb_project = recbole
require_pow = False
n_layers = 2
n_heads = 2
hidden_size = 64
inner_size = 256
hidden_dropout_prob = 0.5
attn_dropout_prob = 0.5
hidden_act = gelu
layer_norm_eps = 1e-12
initializer_range = 0.02
loss_type = CE
MODEL_TYPE = ModelType.SEQUENTIAL
MODEL_INPUT_TYPE = InputType.POINTWISE
eval_type = EvaluatorType.RANKING
device = cuda
train_neg_sample_args = {'strategy': 'none'}
eval_neg_sample_args = {'strategy': 'full', 'distribution': 'uniform'}


Tue 31 Jan 2023 02:36:08 INFO  train_data
The number of users: 89
Average actions of users: 54.21590909090909
The number of items: 1349
Average actions of items: 3.5393175074183976
The number of inters: 4771
The sparsity of the dataset: 96.02618668843338%
Remain Fields: ['user_id', 'item_id', 'rating', 'timestamp']
Tue 31 Jan 2023 02:36:08 INFO  [Training]: train_batch_size = [2048] negative sampling: [None]
Tue 31 Jan 2023 02:36:08 INFO  [Evaluation]: eval_batch_size = [4096] eval_args: [{'split': {'LS': 'valid_and_test'}, 'order': 'TO', 'mode': 'full', 'group_by': 'user'}]
Tue 31 Jan 2023 02:36:10 INFO  SASRec(
  (item_embedding): Embedding(1349, 64, padding_idx=0)
  (position_embedding): Embedding(50, 64)
  (trm_encoder): TransformerEncoder(
    (layer): ModuleList(
      (0): TransformerLayer(
        (multi_head_attention): MultiHeadAttention(
          (query): Linear(in_features=64, out_features=64, bias=True)
          (key): Linear(in_features=64, out_features=64, bias=True)
          (value): Linear(in_features=64, out_features=64, bias=True)
          (softmax): Softmax(dim=-1)
          (attn_dropout): Dropout(p=0.5, inplace=False)
          (dense): Linear(in_features=64, out_features=64, bias=True)
          (LayerNorm): LayerNorm((64,), eps=1e-12, elementwise_affine=True)
          (out_dropout): Dropout(p=0.5, inplace=False)
        )
        (feed_forward): FeedForward(
          (dense_1): Linear(in_features=64, out_features=256, bias=True)
          (dense_2): Linear(in_features=256, out_features=64, bias=True)
          (LayerNorm): LayerNorm((64,), eps=1e-12, elementwise_affine=True)
          (dropout): Dropout(p=0.5, inplace=False)
        )
      )
      (1): TransformerLayer(
        (multi_head_attention): MultiHeadAttention(
          (query): Linear(in_features=64, out_features=64, bias=True)
          (key): Linear(in_features=64, out_features=64, bias=True)
          (value): Linear(in_features=64, out_features=64, bias=True)
          (softmax): Softmax(dim=-1)
          (attn_dropout): Dropout(p=0.5, inplace=False)
          (dense): Linear(in_features=64, out_features=64, bias=True)
          (LayerNorm): LayerNorm((64,), eps=1e-12, elementwise_affine=True)
          (out_dropout): Dropout(p=0.5, inplace=False)
        )
        (feed_forward): FeedForward(
          (dense_1): Linear(in_features=64, out_features=256, bias=True)
          (dense_2): Linear(in_features=256, out_features=64, bias=True)
          (LayerNorm): LayerNorm((64,), eps=1e-12, elementwise_affine=True)
          (dropout): Dropout(p=0.5, inplace=False)
        )
      )
    )
  )
  (LayerNorm): LayerNorm((64,), eps=1e-12, elementwise_affine=True)
  (dropout): Dropout(p=0.5, inplace=False)
  (loss_fct): CrossEntropyLoss()
)
Trainable parameters: 189632
Tue 31 Jan 2023 02:36:11 INFO  epoch 0 training [time: 0.88s, train loss: 21.6370]
Tue 31 Jan 2023 02:36:11 INFO  epoch 0 evaluating [time: 0.01s, valid_score: 0.014700]
Tue 31 Jan 2023 02:36:11 INFO  valid result: 
recall@10 : 0.0147    mrr@10 : 0.0074    ndcg@10 : 0.0093    hit@10 : 0.0147    precision@10 : 0.0015
Tue 31 Jan 2023 02:36:11 INFO  Saving current: saved/SASRec-Jan-31-2023_02-36-10.pth
Tue 31 Jan 2023 02:36:11 INFO  epoch 1 training [time: 0.17s, train loss: 21.4419]
Tue 31 Jan 2023 02:36:11 INFO  epoch 1 evaluating [time: 0.00s, valid_score: 0.029400]
Tue 31 Jan 2023 02:36:11 INFO  valid result: 
recall@10 : 0.0294    mrr@10 : 0.0065    ndcg@10 : 0.0118    hit@10 : 0.0294    precision@10 : 0.0029
Tue 31 Jan 2023 02:36:11 INFO  Saving current: saved/SASRec-Jan-31-2023_02-36-10.pth
Tue 31 Jan 2023 02:36:11 INFO  epoch 2 training [time: 0.17s, train loss: 21.2915]
Tue 31 Jan 2023 02:36:11 INFO  epoch 2 evaluating [time: 0.00s, valid_score: 0.044100]
Tue 31 Jan 2023 02:36:11 INFO  valid result: 
recall@10 : 0.0441    mrr@10 : 0.011    ndcg@10 : 0.0189    hit@10 : 0.0441    precision@10 : 0.0044
Tue 31 Jan 2023 02:36:11 INFO  Saving current: saved/SASRec-Jan-31-2023_02-36-10.pth
Tue 31 Jan 2023 02:36:11 INFO  epoch 3 training [time: 0.17s, train loss: 21.1366]
Tue 31 Jan 2023 02:36:11 INFO  epoch 3 evaluating [time: 0.00s, valid_score: 0.058800]
Tue 31 Jan 2023 02:36:11 INFO  valid result: 
recall@10 : 0.0588    mrr@10 : 0.0196    ndcg@10 : 0.0293    hit@10 : 0.0588    precision@10 : 0.0059
Tue 31 Jan 2023 02:36:11 INFO  Saving current: saved/SASRec-Jan-31-2023_02-36-10.pth
Tue 31 Jan 2023 02:36:12 INFO  epoch 4 training [time: 0.17s, train loss: 21.0028]
Tue 31 Jan 2023 02:36:12 INFO  epoch 4 evaluating [time: 0.00s, valid_score: 0.073500]
Tue 31 Jan 2023 02:36:12 INFO  valid result: 
recall@10 : 0.0735    mrr@10 : 0.0217    ndcg@10 : 0.0342    hit@10 : 0.0735    precision@10 : 0.0074
Tue 31 Jan 2023 02:36:12 INFO  Saving current: saved/SASRec-Jan-31-2023_02-36-10.pth
Tue 31 Jan 2023 02:36:12 INFO  epoch 5 training [time: 0.17s, train loss: 20.8383]
Tue 31 Jan 2023 02:36:12 INFO  epoch 5 evaluating [time: 0.00s, valid_score: 0.088200]
Tue 31 Jan 2023 02:36:12 INFO  valid result: 
recall@10 : 0.0882    mrr@10 : 0.0278    ndcg@10 : 0.0424    hit@10 : 0.0882    precision@10 : 0.0088
Tue 31 Jan 2023 02:36:12 INFO  Saving current: saved/SASRec-Jan-31-2023_02-36-10.pth
Tue 31 Jan 2023 02:36:12 INFO  epoch 6 training [time: 0.17s, train loss: 20.6916]
Tue 31 Jan 2023 02:36:12 INFO  epoch 6 evaluating [time: 0.00s, valid_score: 0.147100]
Tue 31 Jan 2023 02:36:12 INFO  valid result: 
recall@10 : 0.1471    mrr@10 : 0.0417    ndcg@10 : 0.0664    hit@10 : 0.1471    precision@10 : 0.0147
Tue 31 Jan 2023 02:36:12 INFO  Saving current: saved/SASRec-Jan-31-2023_02-36-10.pth
Tue 31 Jan 2023 02:36:12 INFO  epoch 7 training [time: 0.17s, train loss: 20.5382]
Tue 31 Jan 2023 02:36:12 INFO  epoch 7 evaluating [time: 0.00s, valid_score: 0.191200]
Tue 31 Jan 2023 02:36:12 INFO  valid result: 
recall@10 : 0.1912    mrr@10 : 0.0513    ndcg@10 : 0.0839    hit@10 : 0.1912    precision@10 : 0.0191
Tue 31 Jan 2023 02:36:12 INFO  Saving current: saved/SASRec-Jan-31-2023_02-36-10.pth
Tue 31 Jan 2023 02:36:12 INFO  epoch 8 training [time: 0.17s, train loss: 20.3794]
Tue 31 Jan 2023 02:36:12 INFO  epoch 8 evaluating [time: 0.00s, valid_score: 0.176500]
Tue 31 Jan 2023 02:36:12 INFO  valid result: 
recall@10 : 0.1765    mrr@10 : 0.0516    ndcg@10 : 0.0813    hit@10 : 0.1765    precision@10 : 0.0176
Tue 31 Jan 2023 02:36:13 INFO  epoch 9 training [time: 0.17s, train loss: 20.2017]
Tue 31 Jan 2023 02:36:13 INFO  epoch 9 evaluating [time: 0.00s, valid_score: 0.161800]
Tue 31 Jan 2023 02:36:13 INFO  valid result: 
recall@10 : 0.1618    mrr@10 : 0.0522    ndcg@10 : 0.079    hit@10 : 0.1618    precision@10 : 0.0162
Tue 31 Jan 2023 02:36:13 INFO  epoch 10 training [time: 0.17s, train loss: 20.0402]
Tue 31 Jan 2023 02:36:13 INFO  epoch 10 evaluating [time: 0.00s, valid_score: 0.161800]
Tue 31 Jan 2023 02:36:13 INFO  valid result: 
recall@10 : 0.1618    mrr@10 : 0.0517    ndcg@10 : 0.0786    hit@10 : 0.1618    precision@10 : 0.0162
Tue 31 Jan 2023 02:36:13 INFO  epoch 11 training [time: 0.17s, train loss: 19.8601]
Tue 31 Jan 2023 02:36:13 INFO  epoch 11 evaluating [time: 0.00s, valid_score: 0.220600]
Tue 31 Jan 2023 02:36:13 INFO  valid result: 
recall@10 : 0.2206    mrr@10 : 0.0634    ndcg@10 : 0.1006    hit@10 : 0.2206    precision@10 : 0.0221
Tue 31 Jan 2023 02:36:13 INFO  Saving current: saved/SASRec-Jan-31-2023_02-36-10.pth
Tue 31 Jan 2023 02:36:13 INFO  epoch 12 training [time: 0.17s, train loss: 19.7276]
Tue 31 Jan 2023 02:36:13 INFO  epoch 12 evaluating [time: 0.00s, valid_score: 0.220600]
Tue 31 Jan 2023 02:36:13 INFO  valid result: 
recall@10 : 0.2206    mrr@10 : 0.0651    ndcg@10 : 0.1022    hit@10 : 0.2206    precision@10 : 0.0221
Tue 31 Jan 2023 02:36:13 INFO  Saving current: saved/SASRec-Jan-31-2023_02-36-10.pth
Tue 31 Jan 2023 02:36:13 INFO  epoch 13 training [time: 0.17s, train loss: 19.5746]
Tue 31 Jan 2023 02:36:13 INFO  epoch 13 evaluating [time: 0.00s, valid_score: 0.235300]
Tue 31 Jan 2023 02:36:13 INFO  valid result: 
recall@10 : 0.2353    mrr@10 : 0.0711    ndcg@10 : 0.1106    hit@10 : 0.2353    precision@10 : 0.0235
Tue 31 Jan 2023 02:36:13 INFO  Saving current: saved/SASRec-Jan-31-2023_02-36-10.pth
Tue 31 Jan 2023 02:36:13 INFO  epoch 14 training [time: 0.17s, train loss: 19.4242]
Tue 31 Jan 2023 02:36:14 INFO  epoch 14 evaluating [time: 0.00s, valid_score: 0.235300]
Tue 31 Jan 2023 02:36:14 INFO  valid result: 
recall@10 : 0.2353    mrr@10 : 0.072    ndcg@10 : 0.1114    hit@10 : 0.2353    precision@10 : 0.0235
Tue 31 Jan 2023 02:36:14 INFO  Saving current: saved/SASRec-Jan-31-2023_02-36-10.pth
Tue 31 Jan 2023 02:36:14 INFO  epoch 15 training [time: 0.17s, train loss: 19.2760]
Tue 31 Jan 2023 02:36:14 INFO  epoch 15 evaluating [time: 0.00s, valid_score: 0.250000]
Tue 31 Jan 2023 02:36:14 INFO  valid result: 
recall@10 : 0.25    mrr@10 : 0.0846    ndcg@10 : 0.1243    hit@10 : 0.25    precision@10 : 0.025
Tue 31 Jan 2023 02:36:14 INFO  Saving current: saved/SASRec-Jan-31-2023_02-36-10.pth
Tue 31 Jan 2023 02:36:14 INFO  epoch 16 training [time: 0.17s, train loss: 19.1214]
Tue 31 Jan 2023 02:36:14 INFO  epoch 16 evaluating [time: 0.00s, valid_score: 0.264700]
Tue 31 Jan 2023 02:36:14 INFO  valid result: 
recall@10 : 0.2647    mrr@10 : 0.0821    ndcg@10 : 0.1253    hit@10 : 0.2647    precision@10 : 0.0265
Tue 31 Jan 2023 02:36:14 INFO  Saving current: saved/SASRec-Jan-31-2023_02-36-10.pth
Tue 31 Jan 2023 02:36:14 INFO  epoch 17 training [time: 0.17s, train loss: 18.9278]
Tue 31 Jan 2023 02:36:14 INFO  epoch 17 evaluating [time: 0.00s, valid_score: 0.264700]
Tue 31 Jan 2023 02:36:14 INFO  valid result: 
recall@10 : 0.2647    mrr@10 : 0.0812    ndcg@10 : 0.1244    hit@10 : 0.2647    precision@10 : 0.0265
Tue 31 Jan 2023 02:36:14 INFO  Saving current: saved/SASRec-Jan-31-2023_02-36-10.pth
Tue 31 Jan 2023 02:36:14 INFO  epoch 18 training [time: 0.17s, train loss: 18.7884]
Tue 31 Jan 2023 02:36:14 INFO  epoch 18 evaluating [time: 0.00s, valid_score: 0.264700]
Tue 31 Jan 2023 02:36:14 INFO  valid result: 
recall@10 : 0.2647    mrr@10 : 0.0808    ndcg@10 : 0.1239    hit@10 : 0.2647    precision@10 : 0.0265
Tue 31 Jan 2023 02:36:14 INFO  Saving current: saved/SASRec-Jan-31-2023_02-36-10.pth
Tue 31 Jan 2023 02:36:14 INFO  epoch 19 training [time: 0.17s, train loss: 18.6198]
Tue 31 Jan 2023 02:36:14 INFO  epoch 19 evaluating [time: 0.00s, valid_score: 0.250000]
Tue 31 Jan 2023 02:36:14 INFO  valid result: 
recall@10 : 0.25    mrr@10 : 0.079    ndcg@10 : 0.1194    hit@10 : 0.25    precision@10 : 0.025
Tue 31 Jan 2023 02:36:15 INFO  epoch 20 training [time: 0.17s, train loss: 18.4920]
Tue 31 Jan 2023 02:36:15 INFO  epoch 20 evaluating [time: 0.00s, valid_score: 0.235300]
Tue 31 Jan 2023 02:36:15 INFO  valid result: 
recall@10 : 0.2353    mrr@10 : 0.078    ndcg@10 : 0.1156    hit@10 : 0.2353    precision@10 : 0.0235
Tue 31 Jan 2023 02:36:15 INFO  epoch 21 training [time: 0.17s, train loss: 18.2961]
Tue 31 Jan 2023 02:36:15 INFO  epoch 21 evaluating [time: 0.00s, valid_score: 0.235300]
Tue 31 Jan 2023 02:36:15 INFO  valid result: 
recall@10 : 0.2353    mrr@10 : 0.0803    ndcg@10 : 0.1175    hit@10 : 0.2353    precision@10 : 0.0235
Tue 31 Jan 2023 02:36:15 INFO  epoch 22 training [time: 0.17s, train loss: 18.1464]
Tue 31 Jan 2023 02:36:15 INFO  epoch 22 evaluating [time: 0.00s, valid_score: 0.250000]
Tue 31 Jan 2023 02:36:15 INFO  valid result: 
recall@10 : 0.25    mrr@10 : 0.0821    ndcg@10 : 0.1221    hit@10 : 0.25    precision@10 : 0.025
Tue 31 Jan 2023 02:36:15 INFO  epoch 23 training [time: 0.17s, train loss: 18.0792]
Tue 31 Jan 2023 02:36:15 INFO  epoch 23 evaluating [time: 0.00s, valid_score: 0.250000]
Tue 31 Jan 2023 02:36:15 INFO  valid result: 
recall@10 : 0.25    mrr@10 : 0.0812    ndcg@10 : 0.1215    hit@10 : 0.25    precision@10 : 0.025
Tue 31 Jan 2023 02:36:15 INFO  epoch 24 training [time: 0.17s, train loss: 17.8945]
Tue 31 Jan 2023 02:36:15 INFO  epoch 24 evaluating [time: 0.00s, valid_score: 0.264700]
Tue 31 Jan 2023 02:36:15 INFO  valid result: 
recall@10 : 0.2647    mrr@10 : 0.0833    ndcg@10 : 0.1262    hit@10 : 0.2647    precision@10 : 0.0265
Tue 31 Jan 2023 02:36:15 INFO  Saving current: saved/SASRec-Jan-31-2023_02-36-10.pth
Tue 31 Jan 2023 02:36:15 INFO  epoch 25 training [time: 0.17s, train loss: 17.7482]
Tue 31 Jan 2023 02:36:15 INFO  epoch 25 evaluating [time: 0.00s, valid_score: 0.279400]
Tue 31 Jan 2023 02:36:15 INFO  valid result: 
recall@10 : 0.2794    mrr@10 : 0.087    ndcg@10 : 0.1327    hit@10 : 0.2794    precision@10 : 0.0279
Tue 31 Jan 2023 02:36:16 INFO  Saving current: saved/SASRec-Jan-31-2023_02-36-10.pth
Tue 31 Jan 2023 02:36:16 INFO  epoch 26 training [time: 0.17s, train loss: 17.5900]
Tue 31 Jan 2023 02:36:16 INFO  epoch 26 evaluating [time: 0.00s, valid_score: 0.279400]
Tue 31 Jan 2023 02:36:16 INFO  valid result: 
recall@10 : 0.2794    mrr@10 : 0.0874    ndcg@10 : 0.1332    hit@10 : 0.2794    precision@10 : 0.0279
Tue 31 Jan 2023 02:36:16 INFO  Saving current: saved/SASRec-Jan-31-2023_02-36-10.pth
Tue 31 Jan 2023 02:36:16 INFO  epoch 27 training [time: 0.17s, train loss: 17.5225]
Tue 31 Jan 2023 02:36:16 INFO  epoch 27 evaluating [time: 0.00s, valid_score: 0.279400]
Tue 31 Jan 2023 02:36:16 INFO  valid result: 
recall@10 : 0.2794    mrr@10 : 0.0874    ndcg@10 : 0.1332    hit@10 : 0.2794    precision@10 : 0.0279
Tue 31 Jan 2023 02:36:16 INFO  Saving current: saved/SASRec-Jan-31-2023_02-36-10.pth
Tue 31 Jan 2023 02:36:16 INFO  epoch 28 training [time: 0.17s, train loss: 17.3277]
Tue 31 Jan 2023 02:36:16 INFO  epoch 28 evaluating [time: 0.00s, valid_score: 0.279400]
Tue 31 Jan 2023 02:36:16 INFO  valid result: 
recall@10 : 0.2794    mrr@10 : 0.0878    ndcg@10 : 0.1336    hit@10 : 0.2794    precision@10 : 0.0279
Tue 31 Jan 2023 02:36:16 INFO  Saving current: saved/SASRec-Jan-31-2023_02-36-10.pth
Tue 31 Jan 2023 02:36:16 INFO  epoch 29 training [time: 0.17s, train loss: 17.2190]
Tue 31 Jan 2023 02:36:16 INFO  epoch 29 evaluating [time: 0.00s, valid_score: 0.279400]
Tue 31 Jan 2023 02:36:16 INFO  valid result: 
recall@10 : 0.2794    mrr@10 : 0.0883    ndcg@10 : 0.134    hit@10 : 0.2794    precision@10 : 0.0279
Tue 31 Jan 2023 02:36:16 INFO  Saving current: saved/SASRec-Jan-31-2023_02-36-10.pth
Tue 31 Jan 2023 02:36:16 INFO  epoch 30 training [time: 0.17s, train loss: 17.0074]
Tue 31 Jan 2023 02:36:16 INFO  epoch 30 evaluating [time: 0.00s, valid_score: 0.279400]
Tue 31 Jan 2023 02:36:16 INFO  valid result: 
recall@10 : 0.2794    mrr@10 : 0.0891    ndcg@10 : 0.1349    hit@10 : 0.2794    precision@10 : 0.0279
Tue 31 Jan 2023 02:36:16 INFO  Saving current: saved/SASRec-Jan-31-2023_02-36-10.pth
Tue 31 Jan 2023 02:36:17 INFO  epoch 31 training [time: 0.17s, train loss: 16.8525]
Tue 31 Jan 2023 02:36:17 INFO  epoch 31 evaluating [time: 0.00s, valid_score: 0.279400]
Tue 31 Jan 2023 02:36:17 INFO  valid result: 
recall@10 : 0.2794    mrr@10 : 0.0891    ndcg@10 : 0.1349    hit@10 : 0.2794    precision@10 : 0.0279
Tue 31 Jan 2023 02:36:17 INFO  Saving current: saved/SASRec-Jan-31-2023_02-36-10.pth
Tue 31 Jan 2023 02:36:17 INFO  epoch 32 training [time: 0.17s, train loss: 16.6813]
Tue 31 Jan 2023 02:36:17 INFO  epoch 32 evaluating [time: 0.00s, valid_score: 0.279400]
Tue 31 Jan 2023 02:36:17 INFO  valid result: 
recall@10 : 0.2794    mrr@10 : 0.089    ndcg@10 : 0.1347    hit@10 : 0.2794    precision@10 : 0.0279
Tue 31 Jan 2023 02:36:17 INFO  Saving current: saved/SASRec-Jan-31-2023_02-36-10.pth
Tue 31 Jan 2023 02:36:17 INFO  epoch 33 training [time: 0.17s, train loss: 16.5878]
Tue 31 Jan 2023 02:36:17 INFO  epoch 33 evaluating [time: 0.00s, valid_score: 0.279400]
Tue 31 Jan 2023 02:36:17 INFO  valid result: 
recall@10 : 0.2794    mrr@10 : 0.0885    ndcg@10 : 0.1342    hit@10 : 0.2794    precision@10 : 0.0279
Tue 31 Jan 2023 02:36:17 INFO  Saving current: saved/SASRec-Jan-31-2023_02-36-10.pth
Tue 31 Jan 2023 02:36:17 INFO  epoch 34 training [time: 0.17s, train loss: 16.4448]
Tue 31 Jan 2023 02:36:17 INFO  epoch 34 evaluating [time: 0.00s, valid_score: 0.279400]
Tue 31 Jan 2023 02:36:17 INFO  valid result: 
recall@10 : 0.2794    mrr@10 : 0.0892    ndcg@10 : 0.1348    hit@10 : 0.2794    precision@10 : 0.0279
Tue 31 Jan 2023 02:36:17 INFO  Saving current: saved/SASRec-Jan-31-2023_02-36-10.pth
Tue 31 Jan 2023 02:36:17 INFO  epoch 35 training [time: 0.17s, train loss: 16.2991]
Tue 31 Jan 2023 02:36:17 INFO  epoch 35 evaluating [time: 0.00s, valid_score: 0.279400]
Tue 31 Jan 2023 02:36:17 INFO  valid result: 
recall@10 : 0.2794    mrr@10 : 0.0896    ndcg@10 : 0.1352    hit@10 : 0.2794    precision@10 : 0.0279
Tue 31 Jan 2023 02:36:17 INFO  Saving current: saved/SASRec-Jan-31-2023_02-36-10.pth
Tue 31 Jan 2023 02:36:18 INFO  epoch 36 training [time: 0.17s, train loss: 16.1408]
Tue 31 Jan 2023 02:36:18 INFO  epoch 36 evaluating [time: 0.00s, valid_score: 0.279400]
Tue 31 Jan 2023 02:36:18 INFO  valid result: 
recall@10 : 0.2794    mrr@10 : 0.0894    ndcg@10 : 0.135    hit@10 : 0.2794    precision@10 : 0.0279
Tue 31 Jan 2023 02:36:18 INFO  Saving current: saved/SASRec-Jan-31-2023_02-36-10.pth
Tue 31 Jan 2023 02:36:18 INFO  epoch 37 training [time: 0.17s, train loss: 16.0459]
Tue 31 Jan 2023 02:36:18 INFO  epoch 37 evaluating [time: 0.00s, valid_score: 0.279400]
Tue 31 Jan 2023 02:36:18 INFO  valid result: 
recall@10 : 0.2794    mrr@10 : 0.0894    ndcg@10 : 0.135    hit@10 : 0.2794    precision@10 : 0.0279
Tue 31 Jan 2023 02:36:18 INFO  Saving current: saved/SASRec-Jan-31-2023_02-36-10.pth
Tue 31 Jan 2023 02:36:18 INFO  epoch 38 training [time: 0.17s, train loss: 15.8824]
Tue 31 Jan 2023 02:36:18 INFO  epoch 38 evaluating [time: 0.00s, valid_score: 0.279400]
Tue 31 Jan 2023 02:36:18 INFO  valid result: 
recall@10 : 0.2794    mrr@10 : 0.0884    ndcg@10 : 0.1341    hit@10 : 0.2794    precision@10 : 0.0279
Tue 31 Jan 2023 02:36:18 INFO  Saving current: saved/SASRec-Jan-31-2023_02-36-10.pth
Tue 31 Jan 2023 02:36:18 INFO  epoch 39 training [time: 0.17s, train loss: 15.7311]
Tue 31 Jan 2023 02:36:18 INFO  epoch 39 evaluating [time: 0.00s, valid_score: 0.279400]
Tue 31 Jan 2023 02:36:18 INFO  valid result: 
recall@10 : 0.2794    mrr@10 : 0.0908    ndcg@10 : 0.136    hit@10 : 0.2794    precision@10 : 0.0279
Tue 31 Jan 2023 02:36:18 INFO  Saving current: saved/SASRec-Jan-31-2023_02-36-10.pth
Tue 31 Jan 2023 02:36:18 INFO  epoch 40 training [time: 0.17s, train loss: 15.5936]
Tue 31 Jan 2023 02:36:18 INFO  epoch 40 evaluating [time: 0.00s, valid_score: 0.279400]
Tue 31 Jan 2023 02:36:18 INFO  valid result: 
recall@10 : 0.2794    mrr@10 : 0.0897    ndcg@10 : 0.1349    hit@10 : 0.2794    precision@10 : 0.0279
Tue 31 Jan 2023 02:36:18 INFO  Saving current: saved/SASRec-Jan-31-2023_02-36-10.pth
Tue 31 Jan 2023 02:36:18 INFO  epoch 41 training [time: 0.17s, train loss: 15.5135]
Tue 31 Jan 2023 02:36:19 INFO  epoch 41 evaluating [time: 0.00s, valid_score: 0.264700]
Tue 31 Jan 2023 02:36:19 INFO  valid result: 
recall@10 : 0.2647    mrr@10 : 0.087    ndcg@10 : 0.1298    hit@10 : 0.2647    precision@10 : 0.0265
Tue 31 Jan 2023 02:36:19 INFO  epoch 42 training [time: 0.17s, train loss: 15.3682]
Tue 31 Jan 2023 02:36:19 INFO  epoch 42 evaluating [time: 0.00s, valid_score: 0.264700]
Tue 31 Jan 2023 02:36:19 INFO  valid result: 
recall@10 : 0.2647    mrr@10 : 0.0885    ndcg@10 : 0.1311    hit@10 : 0.2647    precision@10 : 0.0265
Tue 31 Jan 2023 02:36:19 INFO  epoch 43 training [time: 0.17s, train loss: 15.2091]
Tue 31 Jan 2023 02:36:19 INFO  epoch 43 evaluating [time: 0.00s, valid_score: 0.264700]
Tue 31 Jan 2023 02:36:19 INFO  valid result: 
recall@10 : 0.2647    mrr@10 : 0.089    ndcg@10 : 0.1314    hit@10 : 0.2647    precision@10 : 0.0265
Tue 31 Jan 2023 02:36:19 INFO  epoch 44 training [time: 0.17s, train loss: 15.0575]
Tue 31 Jan 2023 02:36:19 INFO  epoch 44 evaluating [time: 0.00s, valid_score: 0.264700]
Tue 31 Jan 2023 02:36:19 INFO  valid result: 
recall@10 : 0.2647    mrr@10 : 0.0887    ndcg@10 : 0.1311    hit@10 : 0.2647    precision@10 : 0.0265
Tue 31 Jan 2023 02:36:19 INFO  epoch 45 training [time: 0.17s, train loss: 14.8835]
Tue 31 Jan 2023 02:36:19 INFO  epoch 45 evaluating [time: 0.00s, valid_score: 0.264700]
Tue 31 Jan 2023 02:36:19 INFO  valid result: 
recall@10 : 0.2647    mrr@10 : 0.0887    ndcg@10 : 0.1311    hit@10 : 0.2647    precision@10 : 0.0265
Tue 31 Jan 2023 02:36:19 INFO  epoch 46 training [time: 0.17s, train loss: 14.8414]
Tue 31 Jan 2023 02:36:19 INFO  epoch 46 evaluating [time: 0.00s, valid_score: 0.264700]
Tue 31 Jan 2023 02:36:19 INFO  valid result: 
recall@10 : 0.2647    mrr@10 : 0.0887    ndcg@10 : 0.1311    hit@10 : 0.2647    precision@10 : 0.0265
Tue 31 Jan 2023 02:36:20 INFO  epoch 47 training [time: 0.17s, train loss: 14.7168]
Tue 31 Jan 2023 02:36:20 INFO  epoch 47 evaluating [time: 0.00s, valid_score: 0.264700]
Tue 31 Jan 2023 02:36:20 INFO  valid result: 
recall@10 : 0.2647    mrr@10 : 0.0887    ndcg@10 : 0.1311    hit@10 : 0.2647    precision@10 : 0.0265
Tue 31 Jan 2023 02:36:20 INFO  epoch 48 training [time: 0.17s, train loss: 14.5349]
Tue 31 Jan 2023 02:36:20 INFO  epoch 48 evaluating [time: 0.00s, valid_score: 0.264700]
Tue 31 Jan 2023 02:36:20 INFO  valid result: 
recall@10 : 0.2647    mrr@10 : 0.087    ndcg@10 : 0.1296    hit@10 : 0.2647    precision@10 : 0.0265
Tue 31 Jan 2023 02:36:20 INFO  epoch 49 training [time: 0.17s, train loss: 14.3959]
Tue 31 Jan 2023 02:36:20 INFO  epoch 49 evaluating [time: 0.00s, valid_score: 0.264700]
Tue 31 Jan 2023 02:36:20 INFO  valid result: 
recall@10 : 0.2647    mrr@10 : 0.0875    ndcg@10 : 0.13    hit@10 : 0.2647    precision@10 : 0.0265
Tue 31 Jan 2023 02:36:20 INFO  epoch 50 training [time: 0.17s, train loss: 14.2893]
Tue 31 Jan 2023 02:36:20 INFO  epoch 50 evaluating [time: 0.00s, valid_score: 0.264700]
Tue 31 Jan 2023 02:36:20 INFO  valid result: 
recall@10 : 0.2647    mrr@10 : 0.0882    ndcg@10 : 0.1307    hit@10 : 0.2647    precision@10 : 0.0265
Tue 31 Jan 2023 02:36:20 INFO  epoch 51 training [time: 0.17s, train loss: 14.2376]
Tue 31 Jan 2023 02:36:20 INFO  epoch 51 evaluating [time: 0.00s, valid_score: 0.264700]
Tue 31 Jan 2023 02:36:20 INFO  valid result: 
recall@10 : 0.2647    mrr@10 : 0.0912    ndcg@10 : 0.133    hit@10 : 0.2647    precision@10 : 0.0265
Tue 31 Jan 2023 02:36:20 INFO  Finished training, best eval result in epoch 40
Tue 31 Jan 2023 02:36:20 INFO  Loading model structure and parameters from saved/SASRec-Jan-31-2023_02-36-10.pth
Tue 31 Jan 2023 02:36:20 INFO  best valid : OrderedDict([('recall@10', 0.2794), ('mrr@10', 0.0897), ('ndcg@10', 0.1349), ('hit@10', 0.2794), ('precision@10', 0.0279)])
Tue 31 Jan 2023 02:36:20 INFO  test result: OrderedDict([('recall@10', 0.2603), ('mrr@10', 0.0864), ('ndcg@10', 0.1282), ('hit@10', 0.2603), ('precision@10', 0.026)])
