Tue 31 Jan 2023 02:28:41 INFO  
General Hyper Parameters:
gpu_id = 0
use_gpu = True
seed = 2020
state = INFO
reproducibility = True
data_path = dataset/train_data
checkpoint_dir = saved
show_progress = False
save_dataset = False
dataset_save_path = None
save_dataloaders = False
dataloaders_save_path = None
log_wandb = False

Training Hyper Parameters:
epochs = 100
train_batch_size = 2048
learner = adam
learning_rate = 0.001
neg_sampling = {'uniform': 1}
eval_step = 1
stopping_step = 10
clip_grad_norm = None
weight_decay = 0.0
loss_decimal_place = 4

Evaluation Hyper Parameters:
eval_args = {'split': {'RS': [0.8, 0.1, 0.1]}, 'group_by': 'user', 'order': 'RO', 'mode': 'full'}
repeatable = False
metrics = ['Recall', 'MRR', 'NDCG', 'Hit', 'Precision']
topk = [10]
valid_metric = Recall@10
valid_metric_bigger = True
eval_batch_size = 4096
metric_decimal_place = 4

Dataset Hyper Parameters:
field_separator = 	
seq_separator =  
USER_ID_FIELD = user_id
ITEM_ID_FIELD = item_id
RATING_FIELD = rating
TIME_FIELD = timestamp
seq_len = None
LABEL_FIELD = label
threshold = None
NEG_PREFIX = neg_
load_col = {'inter': ['user_id', 'item_id', 'rating', 'timestamp']}
unload_col = None
unused_col = None
additional_feat_suffix = None
rm_dup_inter = None
val_interval = {'rating': '[0,1]', 'timestamp': '[1672892980000, inf)'}
filter_inter_by_user_or_item = True
user_inter_num_interval = [0,inf)
item_inter_num_interval = [0,inf)
alias_of_user_id = None
alias_of_item_id = None
alias_of_entity_id = None
alias_of_relation_id = None
preload_weight = None
normalize_field = None
normalize_all = None
ITEM_LIST_LENGTH_FIELD = item_length
LIST_SUFFIX = _list
MAX_ITEM_LIST_LENGTH = 50
POSITION_FIELD = position_id
HEAD_ENTITY_ID_FIELD = head_id
TAIL_ENTITY_ID_FIELD = tail_id
RELATION_ID_FIELD = relation_id
ENTITY_ID_FIELD = entity_id
benchmark_filename = None

Other Hyper Parameters: 
wandb_project = recbole
require_pow = False
alpha = 0.2
l1_ratio = 0.02
positive_only = True
hide_item = True
MODEL_TYPE = ModelType.TRADITIONAL
MODEL_INPUT_TYPE = InputType.POINTWISE
eval_type = EvaluatorType.RANKING
device = cuda
train_neg_sample_args = {'strategy': 'by', 'by': 1, 'distribution': 'uniform', 'dynamic': 'none'}
eval_neg_sample_args = {'strategy': 'full', 'distribution': 'uniform'}


Tue 31 Jan 2023 02:28:41 INFO  train_data
The number of users: 89
Average actions of users: 54.21590909090909
The number of items: 1349
Average actions of items: 3.5393175074183976
The number of inters: 4771
The sparsity of the dataset: 96.02618668843338%
Remain Fields: ['user_id', 'item_id', 'rating', 'timestamp']
Tue 31 Jan 2023 02:28:41 INFO  [Training]: train_batch_size = [2048] negative sampling: [{'uniform': 1}]
Tue 31 Jan 2023 02:28:41 INFO  [Evaluation]: eval_batch_size = [4096] eval_args: [{'split': {'RS': [0.8, 0.1, 0.1]}, 'group_by': 'user', 'order': 'RO', 'mode': 'full'}]
Tue 31 Jan 2023 02:28:46 INFO  SLIMElastic()
Trainable parameters: 1
Tue 31 Jan 2023 02:28:46 INFO  epoch 0 training [time: 0.03s, train loss: 0.0000]
Tue 31 Jan 2023 02:28:47 INFO  epoch 0 evaluating [time: 0.05s, valid_score: 0.186800]
Tue 31 Jan 2023 02:28:47 INFO  valid result: 
recall@10 : 0.1868    mrr@10 : 0.2367    ndcg@10 : 0.1871    hit@10 : 0.3425    precision@10 : 0.1205
Tue 31 Jan 2023 02:28:47 INFO  Saving current: saved/SLIMElastic-Jan-31-2023_02-28-46.pth
Tue 31 Jan 2023 02:28:47 INFO  Loading model structure and parameters from saved/SLIMElastic-Jan-31-2023_02-28-46.pth
Tue 31 Jan 2023 02:28:47 INFO  best valid : OrderedDict([('recall@10', 0.1868), ('mrr@10', 0.2367), ('ndcg@10', 0.1871), ('hit@10', 0.3425), ('precision@10', 0.1205)])
Tue 31 Jan 2023 02:28:47 INFO  test result: OrderedDict([('recall@10', 0.2338), ('mrr@10', 0.289), ('ndcg@10', 0.2371), ('hit@10', 0.3797), ('precision@10', 0.1392)])
