Tue 31 Jan 2023 02:21:46 INFO  
General Hyper Parameters:
gpu_id = 0
use_gpu = True
seed = 2020
state = INFO
reproducibility = True
data_path = dataset/train_data
checkpoint_dir = saved
show_progress = False
save_dataset = False
dataset_save_path = None
save_dataloaders = False
dataloaders_save_path = None
log_wandb = False

Training Hyper Parameters:
epochs = 100
train_batch_size = 2048
learner = adam
learning_rate = 0.001
neg_sampling = {'uniform': 1}
eval_step = 1
stopping_step = 10
clip_grad_norm = None
weight_decay = 0.0
loss_decimal_place = 4

Evaluation Hyper Parameters:
eval_args = {'split': {'RS': [0.8, 0.1, 0.1]}, 'group_by': 'user', 'order': 'RO', 'mode': 'full'}
repeatable = False
metrics = ['Recall', 'MRR', 'NDCG', 'Hit', 'Precision']
topk = [10]
valid_metric = Recall@10
valid_metric_bigger = True
eval_batch_size = 4096
metric_decimal_place = 4

Dataset Hyper Parameters:
field_separator = 	
seq_separator =  
USER_ID_FIELD = user_id
ITEM_ID_FIELD = item_id
RATING_FIELD = rating
TIME_FIELD = timestamp
seq_len = None
LABEL_FIELD = label
threshold = None
NEG_PREFIX = neg_
load_col = {'inter': ['user_id', 'item_id', 'rating', 'timestamp']}
unload_col = None
unused_col = None
additional_feat_suffix = None
rm_dup_inter = None
val_interval = {'rating': '[0,1]', 'timestamp': '[1672892980000, inf)'}
filter_inter_by_user_or_item = True
user_inter_num_interval = [0,inf)
item_inter_num_interval = [0,inf)
alias_of_user_id = None
alias_of_item_id = None
alias_of_entity_id = None
alias_of_relation_id = None
preload_weight = None
normalize_field = None
normalize_all = None
ITEM_LIST_LENGTH_FIELD = item_length
LIST_SUFFIX = _list
MAX_ITEM_LIST_LENGTH = 50
POSITION_FIELD = position_id
HEAD_ENTITY_ID_FIELD = head_id
TAIL_ENTITY_ID_FIELD = tail_id
RELATION_ID_FIELD = relation_id
ENTITY_ID_FIELD = entity_id
benchmark_filename = None

Other Hyper Parameters: 
wandb_project = recbole
require_pow = False
embedding_size = 64
n_layers = 2
reg_weight = 1e-05
MODEL_TYPE = ModelType.GENERAL
MODEL_INPUT_TYPE = InputType.PAIRWISE
eval_type = EvaluatorType.RANKING
device = cuda
train_neg_sample_args = {'strategy': 'by', 'by': 1, 'distribution': 'uniform', 'dynamic': 'none'}
eval_neg_sample_args = {'strategy': 'full', 'distribution': 'uniform'}


Tue 31 Jan 2023 02:21:46 INFO  train_data
The number of users: 89
Average actions of users: 53.64772727272727
The number of items: 1349
Average actions of items: 3.5022255192878338
The number of inters: 4721
The sparsity of the dataset: 96.0678321853058%
Remain Fields: ['user_id', 'item_id', 'rating', 'timestamp']
Tue 31 Jan 2023 02:21:46 INFO  [Training]: train_batch_size = [2048] negative sampling: [{'uniform': 1}]
Tue 31 Jan 2023 02:21:46 INFO  [Evaluation]: eval_batch_size = [4096] eval_args: [{'split': {'RS': [0.8, 0.1, 0.1]}, 'group_by': 'user', 'order': 'RO', 'mode': 'full'}]
Tue 31 Jan 2023 02:21:48 INFO  LightGCN(
  (user_embedding): Embedding(89, 64)
  (item_embedding): Embedding(1349, 64)
  (mf_loss): BPRLoss()
  (reg_loss): EmbLoss()
)
Trainable parameters: 92032
Tue 31 Jan 2023 02:21:48 INFO  epoch 0 training [time: 0.04s, train loss: 1.3765]
Tue 31 Jan 2023 02:21:49 INFO  epoch 0 evaluating [time: 0.71s, valid_score: 0.008600]
Tue 31 Jan 2023 02:21:49 INFO  valid result: 
recall@10 : 0.0086    mrr@10 : 0.0341    ndcg@10 : 0.0133    hit@10 : 0.0959    precision@10 : 0.011
Tue 31 Jan 2023 02:21:49 INFO  Saving current: saved/LightGCN-Jan-31-2023_02-21-48.pth
Tue 31 Jan 2023 02:21:49 INFO  epoch 1 training [time: 0.03s, train loss: 1.3741]
Tue 31 Jan 2023 02:21:49 INFO  epoch 1 evaluating [time: 0.02s, valid_score: 0.010200]
Tue 31 Jan 2023 02:21:49 INFO  valid result: 
recall@10 : 0.0102    mrr@10 : 0.0379    ndcg@10 : 0.0153    hit@10 : 0.1233    precision@10 : 0.0137
Tue 31 Jan 2023 02:21:49 INFO  Saving current: saved/LightGCN-Jan-31-2023_02-21-48.pth
Tue 31 Jan 2023 02:21:49 INFO  epoch 2 training [time: 0.03s, train loss: 1.3717]
Tue 31 Jan 2023 02:21:49 INFO  epoch 2 evaluating [time: 0.02s, valid_score: 0.011200]
Tue 31 Jan 2023 02:21:49 INFO  valid result: 
recall@10 : 0.0112    mrr@10 : 0.0424    ndcg@10 : 0.0172    hit@10 : 0.137    precision@10 : 0.0151
Tue 31 Jan 2023 02:21:49 INFO  Saving current: saved/LightGCN-Jan-31-2023_02-21-48.pth
Tue 31 Jan 2023 02:21:49 INFO  epoch 3 training [time: 0.02s, train loss: 1.3685]
Tue 31 Jan 2023 02:21:49 INFO  epoch 3 evaluating [time: 0.02s, valid_score: 0.026900]
Tue 31 Jan 2023 02:21:49 INFO  valid result: 
recall@10 : 0.0269    mrr@10 : 0.0611    ndcg@10 : 0.0276    hit@10 : 0.2192    precision@10 : 0.0233
Tue 31 Jan 2023 02:21:49 INFO  Saving current: saved/LightGCN-Jan-31-2023_02-21-48.pth
Tue 31 Jan 2023 02:21:49 INFO  epoch 4 training [time: 0.03s, train loss: 1.3657]
Tue 31 Jan 2023 02:21:49 INFO  epoch 4 evaluating [time: 0.02s, valid_score: 0.037200]
Tue 31 Jan 2023 02:21:49 INFO  valid result: 
recall@10 : 0.0372    mrr@10 : 0.0763    ndcg@10 : 0.0377    hit@10 : 0.2192    precision@10 : 0.0315
Tue 31 Jan 2023 02:21:49 INFO  Saving current: saved/LightGCN-Jan-31-2023_02-21-48.pth
Tue 31 Jan 2023 02:21:49 INFO  epoch 5 training [time: 0.02s, train loss: 1.3618]
Tue 31 Jan 2023 02:21:49 INFO  epoch 5 evaluating [time: 0.02s, valid_score: 0.040600]
Tue 31 Jan 2023 02:21:49 INFO  valid result: 
recall@10 : 0.0406    mrr@10 : 0.0824    ndcg@10 : 0.0453    hit@10 : 0.2192    precision@10 : 0.0384
Tue 31 Jan 2023 02:21:49 INFO  Saving current: saved/LightGCN-Jan-31-2023_02-21-48.pth
Tue 31 Jan 2023 02:21:49 INFO  epoch 6 training [time: 0.02s, train loss: 1.3578]
Tue 31 Jan 2023 02:21:49 INFO  epoch 6 evaluating [time: 0.02s, valid_score: 0.045200]
Tue 31 Jan 2023 02:21:49 INFO  valid result: 
recall@10 : 0.0452    mrr@10 : 0.0927    ndcg@10 : 0.0513    hit@10 : 0.2192    precision@10 : 0.0397
Tue 31 Jan 2023 02:21:49 INFO  Saving current: saved/LightGCN-Jan-31-2023_02-21-48.pth
Tue 31 Jan 2023 02:21:49 INFO  epoch 7 training [time: 0.02s, train loss: 1.3529]
Tue 31 Jan 2023 02:21:49 INFO  epoch 7 evaluating [time: 0.02s, valid_score: 0.065400]
Tue 31 Jan 2023 02:21:49 INFO  valid result: 
recall@10 : 0.0654    mrr@10 : 0.1093    ndcg@10 : 0.0635    hit@10 : 0.2466    precision@10 : 0.0425
Tue 31 Jan 2023 02:21:49 INFO  Saving current: saved/LightGCN-Jan-31-2023_02-21-48.pth
Tue 31 Jan 2023 02:21:49 INFO  epoch 8 training [time: 0.02s, train loss: 1.3480]
Tue 31 Jan 2023 02:21:49 INFO  epoch 8 evaluating [time: 0.02s, valid_score: 0.078900]
Tue 31 Jan 2023 02:21:49 INFO  valid result: 
recall@10 : 0.0789    mrr@10 : 0.1468    ndcg@10 : 0.0834    hit@10 : 0.274    precision@10 : 0.0548
Tue 31 Jan 2023 02:21:49 INFO  Saving current: saved/LightGCN-Jan-31-2023_02-21-48.pth
Tue 31 Jan 2023 02:21:49 INFO  epoch 9 training [time: 0.02s, train loss: 1.3420]
Tue 31 Jan 2023 02:21:49 INFO  epoch 9 evaluating [time: 0.02s, valid_score: 0.083700]
Tue 31 Jan 2023 02:21:49 INFO  valid result: 
recall@10 : 0.0837    mrr@10 : 0.1599    ndcg@10 : 0.0919    hit@10 : 0.2877    precision@10 : 0.0589
Tue 31 Jan 2023 02:21:49 INFO  Saving current: saved/LightGCN-Jan-31-2023_02-21-48.pth
Tue 31 Jan 2023 02:21:49 INFO  epoch 10 training [time: 0.03s, train loss: 1.3358]
Tue 31 Jan 2023 02:21:49 INFO  epoch 10 evaluating [time: 0.02s, valid_score: 0.091300]
Tue 31 Jan 2023 02:21:49 INFO  valid result: 
recall@10 : 0.0913    mrr@10 : 0.1716    ndcg@10 : 0.1004    hit@10 : 0.2877    precision@10 : 0.063
Tue 31 Jan 2023 02:21:49 INFO  Saving current: saved/LightGCN-Jan-31-2023_02-21-48.pth
Tue 31 Jan 2023 02:21:49 INFO  epoch 11 training [time: 0.02s, train loss: 1.3279]
Tue 31 Jan 2023 02:21:49 INFO  epoch 11 evaluating [time: 0.02s, valid_score: 0.095300]
Tue 31 Jan 2023 02:21:49 INFO  valid result: 
recall@10 : 0.0953    mrr@10 : 0.1861    ndcg@10 : 0.1075    hit@10 : 0.2877    precision@10 : 0.0658
Tue 31 Jan 2023 02:21:49 INFO  Saving current: saved/LightGCN-Jan-31-2023_02-21-48.pth
Tue 31 Jan 2023 02:21:49 INFO  epoch 12 training [time: 0.02s, train loss: 1.3214]
Tue 31 Jan 2023 02:21:49 INFO  epoch 12 evaluating [time: 0.02s, valid_score: 0.098400]
Tue 31 Jan 2023 02:21:49 INFO  valid result: 
recall@10 : 0.0984    mrr@10 : 0.1733    ndcg@10 : 0.1093    hit@10 : 0.274    precision@10 : 0.0685
Tue 31 Jan 2023 02:21:49 INFO  Saving current: saved/LightGCN-Jan-31-2023_02-21-48.pth
Tue 31 Jan 2023 02:21:49 INFO  epoch 13 training [time: 0.02s, train loss: 1.3118]
Tue 31 Jan 2023 02:21:49 INFO  epoch 13 evaluating [time: 0.02s, valid_score: 0.108000]
Tue 31 Jan 2023 02:21:49 INFO  valid result: 
recall@10 : 0.108    mrr@10 : 0.1811    ndcg@10 : 0.1155    hit@10 : 0.2877    precision@10 : 0.0726
Tue 31 Jan 2023 02:21:49 INFO  Saving current: saved/LightGCN-Jan-31-2023_02-21-48.pth
Tue 31 Jan 2023 02:21:49 INFO  epoch 14 training [time: 0.02s, train loss: 1.3031]
Tue 31 Jan 2023 02:21:49 INFO  epoch 14 evaluating [time: 0.02s, valid_score: 0.111500]
Tue 31 Jan 2023 02:21:49 INFO  valid result: 
recall@10 : 0.1115    mrr@10 : 0.1833    ndcg@10 : 0.1187    hit@10 : 0.2877    precision@10 : 0.074
Tue 31 Jan 2023 02:21:49 INFO  Saving current: saved/LightGCN-Jan-31-2023_02-21-48.pth
Tue 31 Jan 2023 02:21:49 INFO  epoch 15 training [time: 0.02s, train loss: 1.2925]
Tue 31 Jan 2023 02:21:49 INFO  epoch 15 evaluating [time: 0.02s, valid_score: 0.105300]
Tue 31 Jan 2023 02:21:49 INFO  valid result: 
recall@10 : 0.1053    mrr@10 : 0.1815    ndcg@10 : 0.1173    hit@10 : 0.274    precision@10 : 0.0712
Tue 31 Jan 2023 02:21:49 INFO  epoch 16 training [time: 0.02s, train loss: 1.2819]
Tue 31 Jan 2023 02:21:49 INFO  epoch 16 evaluating [time: 0.02s, valid_score: 0.108400]
Tue 31 Jan 2023 02:21:49 INFO  valid result: 
recall@10 : 0.1084    mrr@10 : 0.1823    ndcg@10 : 0.119    hit@10 : 0.2877    precision@10 : 0.074
Tue 31 Jan 2023 02:21:49 INFO  epoch 17 training [time: 0.02s, train loss: 1.2702]
Tue 31 Jan 2023 02:21:49 INFO  epoch 17 evaluating [time: 0.02s, valid_score: 0.109100]
Tue 31 Jan 2023 02:21:49 INFO  valid result: 
recall@10 : 0.1091    mrr@10 : 0.1815    ndcg@10 : 0.1208    hit@10 : 0.2877    precision@10 : 0.0767
Tue 31 Jan 2023 02:21:49 INFO  epoch 18 training [time: 0.02s, train loss: 1.2550]
Tue 31 Jan 2023 02:21:49 INFO  epoch 18 evaluating [time: 0.02s, valid_score: 0.106400]
Tue 31 Jan 2023 02:21:49 INFO  valid result: 
recall@10 : 0.1064    mrr@10 : 0.1888    ndcg@10 : 0.1207    hit@10 : 0.2877    precision@10 : 0.0753
Tue 31 Jan 2023 02:21:49 INFO  epoch 19 training [time: 0.02s, train loss: 1.2443]
Tue 31 Jan 2023 02:21:49 INFO  epoch 19 evaluating [time: 0.02s, valid_score: 0.109800]
Tue 31 Jan 2023 02:21:49 INFO  valid result: 
recall@10 : 0.1098    mrr@10 : 0.1888    ndcg@10 : 0.1223    hit@10 : 0.2877    precision@10 : 0.0767
Tue 31 Jan 2023 02:21:49 INFO  epoch 20 training [time: 0.02s, train loss: 1.2277]
Tue 31 Jan 2023 02:21:50 INFO  epoch 20 evaluating [time: 0.02s, valid_score: 0.123500]
Tue 31 Jan 2023 02:21:50 INFO  valid result: 
recall@10 : 0.1235    mrr@10 : 0.1826    ndcg@10 : 0.1246    hit@10 : 0.3014    precision@10 : 0.0781
Tue 31 Jan 2023 02:21:50 INFO  Saving current: saved/LightGCN-Jan-31-2023_02-21-48.pth
Tue 31 Jan 2023 02:21:50 INFO  epoch 21 training [time: 0.02s, train loss: 1.2129]
Tue 31 Jan 2023 02:21:50 INFO  epoch 21 evaluating [time: 0.02s, valid_score: 0.110300]
Tue 31 Jan 2023 02:21:50 INFO  valid result: 
recall@10 : 0.1103    mrr@10 : 0.1812    ndcg@10 : 0.1215    hit@10 : 0.2877    precision@10 : 0.0781
Tue 31 Jan 2023 02:21:50 INFO  epoch 22 training [time: 0.02s, train loss: 1.1961]
Tue 31 Jan 2023 02:21:50 INFO  epoch 22 evaluating [time: 0.02s, valid_score: 0.123100]
Tue 31 Jan 2023 02:21:50 INFO  valid result: 
recall@10 : 0.1231    mrr@10 : 0.1914    ndcg@10 : 0.1254    hit@10 : 0.3014    precision@10 : 0.0767
Tue 31 Jan 2023 02:21:50 INFO  epoch 23 training [time: 0.02s, train loss: 1.1813]
Tue 31 Jan 2023 02:21:50 INFO  epoch 23 evaluating [time: 0.02s, valid_score: 0.103800]
Tue 31 Jan 2023 02:21:50 INFO  valid result: 
recall@10 : 0.1038    mrr@10 : 0.1888    ndcg@10 : 0.1182    hit@10 : 0.2877    precision@10 : 0.0726
Tue 31 Jan 2023 02:21:50 INFO  epoch 24 training [time: 0.02s, train loss: 1.1631]
Tue 31 Jan 2023 02:21:50 INFO  epoch 24 evaluating [time: 0.02s, valid_score: 0.103800]
Tue 31 Jan 2023 02:21:50 INFO  valid result: 
recall@10 : 0.1038    mrr@10 : 0.1883    ndcg@10 : 0.1182    hit@10 : 0.2877    precision@10 : 0.0726
Tue 31 Jan 2023 02:21:50 INFO  epoch 25 training [time: 0.02s, train loss: 1.1449]
Tue 31 Jan 2023 02:21:50 INFO  epoch 25 evaluating [time: 0.02s, valid_score: 0.100900]
Tue 31 Jan 2023 02:21:50 INFO  valid result: 
recall@10 : 0.1009    mrr@10 : 0.1785    ndcg@10 : 0.113    hit@10 : 0.2603    precision@10 : 0.0685
Tue 31 Jan 2023 02:21:50 INFO  epoch 26 training [time: 0.02s, train loss: 1.1297]
Tue 31 Jan 2023 02:21:50 INFO  epoch 26 evaluating [time: 0.02s, valid_score: 0.103300]
Tue 31 Jan 2023 02:21:50 INFO  valid result: 
recall@10 : 0.1033    mrr@10 : 0.1799    ndcg@10 : 0.1156    hit@10 : 0.274    precision@10 : 0.0726
Tue 31 Jan 2023 02:21:50 INFO  epoch 27 training [time: 0.03s, train loss: 1.1085]
Tue 31 Jan 2023 02:21:50 INFO  epoch 27 evaluating [time: 0.02s, valid_score: 0.103700]
Tue 31 Jan 2023 02:21:50 INFO  valid result: 
recall@10 : 0.1037    mrr@10 : 0.1822    ndcg@10 : 0.118    hit@10 : 0.274    precision@10 : 0.074
Tue 31 Jan 2023 02:21:50 INFO  epoch 28 training [time: 0.02s, train loss: 1.0847]
Tue 31 Jan 2023 02:21:50 INFO  epoch 28 evaluating [time: 0.02s, valid_score: 0.104900]
Tue 31 Jan 2023 02:21:50 INFO  valid result: 
recall@10 : 0.1049    mrr@10 : 0.1825    ndcg@10 : 0.1186    hit@10 : 0.274    precision@10 : 0.0753
Tue 31 Jan 2023 02:21:50 INFO  epoch 29 training [time: 0.02s, train loss: 1.0622]
Tue 31 Jan 2023 02:21:50 INFO  epoch 29 evaluating [time: 0.02s, valid_score: 0.104700]
Tue 31 Jan 2023 02:21:50 INFO  valid result: 
recall@10 : 0.1047    mrr@10 : 0.1825    ndcg@10 : 0.1175    hit@10 : 0.274    precision@10 : 0.074
Tue 31 Jan 2023 02:21:50 INFO  epoch 30 training [time: 0.02s, train loss: 1.0488]
Tue 31 Jan 2023 02:21:50 INFO  epoch 30 evaluating [time: 0.02s, valid_score: 0.104700]
Tue 31 Jan 2023 02:21:50 INFO  valid result: 
recall@10 : 0.1047    mrr@10 : 0.1832    ndcg@10 : 0.1177    hit@10 : 0.274    precision@10 : 0.074
Tue 31 Jan 2023 02:21:50 INFO  epoch 31 training [time: 0.02s, train loss: 1.0310]
Tue 31 Jan 2023 02:21:50 INFO  epoch 31 evaluating [time: 0.02s, valid_score: 0.103400]
Tue 31 Jan 2023 02:21:50 INFO  valid result: 
recall@10 : 0.1034    mrr@10 : 0.1899    ndcg@10 : 0.1218    hit@10 : 0.274    precision@10 : 0.0726
Tue 31 Jan 2023 02:21:50 INFO  Finished training, best eval result in epoch 20
Tue 31 Jan 2023 02:21:50 INFO  Loading model structure and parameters from saved/LightGCN-Jan-31-2023_02-21-48.pth
Tue 31 Jan 2023 02:21:50 INFO  best valid : OrderedDict([('recall@10', 0.1235), ('mrr@10', 0.1826), ('ndcg@10', 0.1246), ('hit@10', 0.3014), ('precision@10', 0.0781)])
Tue 31 Jan 2023 02:21:50 INFO  test result: OrderedDict([('recall@10', 0.1084), ('mrr@10', 0.2248), ('ndcg@10', 0.1332), ('hit@10', 0.2658), ('precision@10', 0.0759)])
Tue 31 Jan 2023 02:21:50 INFO  test_data
The number of users: 90
Average actions of users: 1.0
The number of items: 85
Average actions of items: 1.0595238095238095
The number of inters: 89
The sparsity of the dataset: 98.83660130718954%
Remain Fields: ['user_id', 'item_id', 'rating', 'timestamp']
