Thu 26 Jan 2023 09:22:21 INFO  ['test_run.py', '--dataset=ml-100k', '--model=BPR', '--epochs=10']
Thu 26 Jan 2023 09:22:21 INFO  
General Hyper Parameters:
gpu_id = 0
use_gpu = True
seed = 2020
state = INFO
reproducibility = True
data_path = /opt/conda/envs/fastapi/lib/python3.8/site-packages/recbole/config/../dataset_example/ml-100k
checkpoint_dir = saved
show_progress = True
save_dataset = False
dataset_save_path = None
save_dataloaders = False
dataloaders_save_path = None
log_wandb = False

Training Hyper Parameters:
epochs = 10
train_batch_size = 2048
learner = adam
learning_rate = 0.001
train_neg_sample_args = {'distribution': 'uniform', 'sample_num': 1, 'alpha': 1.0, 'dynamic': False, 'candidate_num': 0}
eval_step = 1
stopping_step = 10
clip_grad_norm = None
weight_decay = 0.0
loss_decimal_place = 4

Evaluation Hyper Parameters:
eval_args = {'split': {'RS': [0.8, 0.1, 0.1]}, 'group_by': 'user', 'order': 'RO', 'mode': 'full'}
repeatable = False
metrics = ['Recall', 'MRR', 'NDCG', 'Hit', 'Precision']
topk = [10]
valid_metric = MRR@10
valid_metric_bigger = True
eval_batch_size = 4096
metric_decimal_place = 4

Dataset Hyper Parameters:
field_separator = 	
seq_separator =  
USER_ID_FIELD = user_id
ITEM_ID_FIELD = item_id
RATING_FIELD = rating
TIME_FIELD = timestamp
seq_len = None
LABEL_FIELD = label
threshold = None
NEG_PREFIX = neg_
load_col = {'inter': ['user_id', 'item_id', 'timestamp']}
unload_col = None
unused_col = None
additional_feat_suffix = None
rm_dup_inter = None
val_interval = None
filter_inter_by_user_or_item = True
user_inter_num_interval = None
item_inter_num_interval = None
alias_of_user_id = None
alias_of_item_id = None
alias_of_entity_id = None
alias_of_relation_id = None
preload_weight = None
normalize_field = None
normalize_all = True
ITEM_LIST_LENGTH_FIELD = item_length
LIST_SUFFIX = _list
MAX_ITEM_LIST_LENGTH = 50
POSITION_FIELD = position_id
HEAD_ENTITY_ID_FIELD = head_id
TAIL_ENTITY_ID_FIELD = tail_id
RELATION_ID_FIELD = relation_id
ENTITY_ID_FIELD = entity_id
kg_reverse_r = False
entity_kg_num_interval = None
relation_kg_num_interval = None
benchmark_filename = None

Other Hyper Parameters: 
worker = 0
wandb_project = recbole
shuffle = True
require_pow = False
enable_amp = False
enable_scaler = False
transform = None
embedding_size = 64
numerical_features = []
discretization = None
MODEL_TYPE = ModelType.GENERAL
MODEL_INPUT_TYPE = InputType.PAIRWISE
eval_type = EvaluatorType.RANKING
single_spec = True
local_rank = 0
device = cuda
eval_neg_sample_args = {'distribution': 'uniform', 'sample_num': 'none'}


Thu 26 Jan 2023 09:22:21 INFO  ml-100k
The number of users: 77
Average actions of users: 34.21052631578947
The number of items: 989
Average actions of items: 2.6315789473684212
The number of inters: 2600
The sparsity of the dataset: 96.58582065053248%
Remain Fields: ['user_id', 'item_id', 'timestamp']
Thu 26 Jan 2023 09:22:21 INFO  [Training]: train_batch_size = [2048] train_neg_sample_args: [{'distribution': 'uniform', 'sample_num': 1, 'alpha': 1.0, 'dynamic': False, 'candidate_num': 0}]
Thu 26 Jan 2023 09:22:21 INFO  [Evaluation]: eval_batch_size = [4096] eval_args: [{'split': {'RS': [0.8, 0.1, 0.1]}, 'group_by': 'user', 'order': 'RO', 'mode': 'full'}]
Thu 26 Jan 2023 09:22:23 INFO  BPR(
  (user_embedding): Embedding(77, 64)
  (item_embedding): Embedding(989, 64)
  (loss): BPRLoss()
)
Trainable parameters: 68224
Thu 26 Jan 2023 09:22:23 INFO  FLOPs: 128.0
Thu 26 Jan 2023 09:22:23 INFO  epoch 0 training [time: 0.01s, train loss: 1.3802]
Thu 26 Jan 2023 09:22:23 INFO  epoch 0 evaluating [time: 0.70s, valid_score: 0.037700]
Thu 26 Jan 2023 09:22:23 INFO  valid result: 
recall@10 : 0.0204    mrr@10 : 0.0377    ndcg@10 : 0.0198    hit@10 : 0.082    precision@10 : 0.0098
Thu 26 Jan 2023 09:22:23 INFO  Saving current: saved/BPR-Jan-26-2023_09-22-23.pth
Thu 26 Jan 2023 09:22:23 INFO  epoch 1 training [time: 0.01s, train loss: 1.3838]
Thu 26 Jan 2023 09:22:23 INFO  epoch 1 evaluating [time: 0.02s, valid_score: 0.039900]
Thu 26 Jan 2023 09:22:23 INFO  valid result: 
recall@10 : 0.0215    mrr@10 : 0.0399    ndcg@10 : 0.0213    hit@10 : 0.082    precision@10 : 0.0115
Thu 26 Jan 2023 09:22:23 INFO  Saving current: saved/BPR-Jan-26-2023_09-22-23.pth
Thu 26 Jan 2023 09:22:23 INFO  epoch 2 training [time: 0.01s, train loss: 1.3766]
Thu 26 Jan 2023 09:22:23 INFO  epoch 2 evaluating [time: 0.02s, valid_score: 0.040100]
Thu 26 Jan 2023 09:22:23 INFO  valid result: 
recall@10 : 0.0215    mrr@10 : 0.0401    ndcg@10 : 0.0215    hit@10 : 0.082    precision@10 : 0.0115
Thu 26 Jan 2023 09:22:23 INFO  Saving current: saved/BPR-Jan-26-2023_09-22-23.pth
Thu 26 Jan 2023 09:22:23 INFO  epoch 3 training [time: 0.01s, train loss: 1.3735]
Thu 26 Jan 2023 09:22:24 INFO  epoch 3 evaluating [time: 0.02s, valid_score: 0.040600]
Thu 26 Jan 2023 09:22:24 INFO  valid result: 
recall@10 : 0.022    mrr@10 : 0.0406    ndcg@10 : 0.0227    hit@10 : 0.082    precision@10 : 0.0131
Thu 26 Jan 2023 09:22:24 INFO  Saving current: saved/BPR-Jan-26-2023_09-22-23.pth
Thu 26 Jan 2023 09:22:24 INFO  epoch 4 training [time: 0.01s, train loss: 1.3622]
Thu 26 Jan 2023 09:22:24 INFO  epoch 4 evaluating [time: 0.02s, valid_score: 0.041000]
Thu 26 Jan 2023 09:22:24 INFO  valid result: 
recall@10 : 0.0226    mrr@10 : 0.041    ndcg@10 : 0.024    hit@10 : 0.082    precision@10 : 0.0148
Thu 26 Jan 2023 09:22:24 INFO  Saving current: saved/BPR-Jan-26-2023_09-22-23.pth
Thu 26 Jan 2023 09:22:24 INFO  epoch 5 training [time: 0.01s, train loss: 1.3600]
Thu 26 Jan 2023 09:22:24 INFO  epoch 5 evaluating [time: 0.02s, valid_score: 0.042300]
Thu 26 Jan 2023 09:22:24 INFO  valid result: 
recall@10 : 0.0226    mrr@10 : 0.0423    ndcg@10 : 0.0249    hit@10 : 0.082    precision@10 : 0.0148
Thu 26 Jan 2023 09:22:24 INFO  Saving current: saved/BPR-Jan-26-2023_09-22-23.pth
Thu 26 Jan 2023 09:22:24 INFO  epoch 6 training [time: 0.01s, train loss: 1.3548]
Thu 26 Jan 2023 09:22:24 INFO  epoch 6 evaluating [time: 0.02s, valid_score: 0.043300]
Thu 26 Jan 2023 09:22:24 INFO  valid result: 
recall@10 : 0.0239    mrr@10 : 0.0433    ndcg@10 : 0.0247    hit@10 : 0.0984    precision@10 : 0.0164
Thu 26 Jan 2023 09:22:24 INFO  Saving current: saved/BPR-Jan-26-2023_09-22-23.pth
Thu 26 Jan 2023 09:22:24 INFO  epoch 7 training [time: 0.01s, train loss: 1.3629]
Thu 26 Jan 2023 09:22:24 INFO  epoch 7 evaluating [time: 0.02s, valid_score: 0.037700]
Thu 26 Jan 2023 09:22:24 INFO  valid result: 
recall@10 : 0.0256    mrr@10 : 0.0377    ndcg@10 : 0.026    hit@10 : 0.1148    precision@10 : 0.0197
Thu 26 Jan 2023 09:22:24 INFO  epoch 8 training [time: 0.01s, train loss: 1.3545]
Thu 26 Jan 2023 09:22:24 INFO  epoch 8 evaluating [time: 0.02s, valid_score: 0.049900]
Thu 26 Jan 2023 09:22:24 INFO  valid result: 
recall@10 : 0.0276    mrr@10 : 0.0499    ndcg@10 : 0.029    hit@10 : 0.1311    precision@10 : 0.0213
Thu 26 Jan 2023 09:22:24 INFO  Saving current: saved/BPR-Jan-26-2023_09-22-23.pth
Thu 26 Jan 2023 09:22:24 INFO  epoch 9 training [time: 0.01s, train loss: 1.3544]
Thu 26 Jan 2023 09:22:24 INFO  epoch 9 evaluating [time: 0.02s, valid_score: 0.053600]
Thu 26 Jan 2023 09:22:24 INFO  valid result: 
recall@10 : 0.0276    mrr@10 : 0.0536    ndcg@10 : 0.0297    hit@10 : 0.1311    precision@10 : 0.0213
Thu 26 Jan 2023 09:22:24 INFO  Saving current: saved/BPR-Jan-26-2023_09-22-23.pth
Thu 26 Jan 2023 09:22:24 INFO  Loading model structure and parameters from saved/BPR-Jan-26-2023_09-22-23.pth
Thu 26 Jan 2023 09:22:24 INFO  best valid : OrderedDict([('recall@10', 0.0276), ('mrr@10', 0.0536), ('ndcg@10', 0.0297), ('hit@10', 0.1311), ('precision@10', 0.0213)])
Thu 26 Jan 2023 09:22:24 INFO  test result: OrderedDict([('recall@10', 0.013), ('mrr@10', 0.0283), ('ndcg@10', 0.0135), ('hit@10', 0.0725), ('precision@10', 0.0116)])
